⚡️ @cloudflare/next-on-pages CLI v.1.13.16
⚡️ Detected Package Manager: npm (10.9.4)
⚡️ Preparing project...
⚡️ Project is ready
⚡️ Building project...
▲  Vercel CLI 50.17.1
▲  WARN! Build not running on Vercel. System environment variables will not be available.
▲  Warning: Detected "engines": { "node": ">=22.0.0" } in your `package.json` that will automatically upgrade when a new major Node.js Version is released. Learn More: https://vercel.link/node-version
▲  WARNING: You should not upload the `.next` directory.
▲  Installing dependencies...
▲  > scrolli-nextjs@1.0.0 prepare
▲  > husky
▲  up to date in 1s
▲  184 packages are looking for funding
▲  run `npm fund` for details
▲  Detected Next.js version: 15.5.12
▲  Running "npm run build"
▲  > scrolli-nextjs@1.0.0 build
▲  > next build
▲  ▲ Next.js 15.5.12
▲  - Environments: .env.local
▲  - Experiments (use with caution):
▲    · optimizePackageImports
▲  Creating an optimized production build ...
▲  [baseline-browser-mapping] The data in this module is over two months old.  To ensure accurate Baseline data, please update: `npm i baseline-browser-mapping@latest -D`
▲  ✓ Compiled successfully in 11.1s
▲  Skipping validation of types
▲  Skipping linting
▲  Collecting page data ...
▲  ⚠ Using edge runtime on a page currently disables static generation for that page
▲  Generating static pages (0/5) ...
▲  Generating static pages (1/5)
▲  Generating static pages (2/5) 
▲  Generating static pages (3/5)
▲  Failed to fetch site settings: 404 Not Found
▲  ✓ Generating static pages (5/5)
▲  Finalizing page optimization ...
▲  Collecting build traces ...
▲  
▲  Route (app)                                       Size  First Load JS  Revalidate  Expire
▲  ┌ ƒ /                                          13.3 kB         459 kB
▲  ├ ○ /_not-found                                  169 B         103 kB          1h      1y
▲  ├ ƒ /[slug]                                    1.86 kB         489 kB
▲  ├ ƒ /about-us                                  12.2 kB         448 kB
▲  ├ ƒ /api/contact                                 169 B         103 kB
▲  ├ ƒ /api/debug-cms-connection                    169 B         103 kB
▲  ├ ƒ /api/gift-article                            169 B         103 kB
▲  ├ ƒ /api/payload/auto-assign-images              169 B         103 kB
▲  ├ ƒ /api/payload/find-articles-without-images    169 B         103 kB
▲  ├ ƒ /api/payload/list-media                      169 B         103 kB
▲  ├ ƒ /api/payload/update-featured-image           169 B         103 kB
▲  ├ ƒ /api/redeem-gift                             169 B         103 kB
▲  ├ ƒ /api/revenuecat/offerings                    169 B         103 kB
▲  ├ ƒ /api/test/article-slugs                      169 B         103 kB
▲  ├ ƒ /archive                                   2.66 kB         445 kB
▲  ├ ƒ /auth/callback                               169 B         103 kB
▲  ├ ƒ /author                                    4.24 kB         440 kB
▲  ├ ƒ /author/[slug]                             3.63 kB         440 kB
▲  ├ ƒ /categories                                2.29 kB         445 kB
▲  ├ ƒ /contact                                   4.26 kB         440 kB
▲  ├ ƒ /design-system                              238 kB         416 kB
▲  ├ ƒ /env-check                                   169 B         103 kB
▲  ├ ƒ /gift/[token]                              4.42 kB         125 kB
▲  ├ ƒ /kullanim-kosullari                        10.6 kB         447 kB
▲  ├ ƒ /kunye                                     1.99 kB         438 kB
▲  ├ ƒ /onboarding                                6.17 kB         175 kB
▲  ├ ƒ /pricing                                   16.8 kB         453 kB
▲  ├ ƒ /profile                                   2.08 kB         438 kB
▲  ├ ƒ /profile-demo                              24.7 kB         150 kB
▲  ├ ƒ /search                                    3.72 kB         446 kB
▲  ├ ƒ /sign-in                                   8.39 kB         225 kB
▲  ├ ƒ /single                                      234 B         487 kB
▲  ├ ○ /sitemap.xml                                 169 B         103 kB
▲  ├ ƒ /subscribe                                 5.12 kB         441 kB
▲  ├ ƒ /test-hikaye                                  1 kB         437 kB
▲  ├ ƒ /test-paywall                              4.76 kB         327 kB
▲  └ ƒ /typography                                  230 B         436 kB
▲  + First Load JS shared by all                   103 kB
▲  ├ chunks/1255-1c772eeae65b5714.js            45.7 kB
▲  ├ chunks/4bd1b696-100b9d70ed4e49c1.js        54.2 kB
▲  └ other shared chunks (total)                2.71 kB
▲  
▲  
▲  ƒ Middleware                                   78.8 kB
▲  ○  (Static)   prerendered as static content
▲  ƒ  (Dynamic)  server-rendered on demand
▲  Traced Next.js server files in: 429.911ms
▲  Created all serverless functions in: 93.202ms
▲  Collected static files (public/, static/, .next/static): 22.051ms
▲  Build Completed in .vercel/output [28s]
⚡️ Completed `npx vercel build`.

⚡️ Build Summary (@cloudflare/next-on-pages v1.13.16)
⚡️ 
⚡️ Middleware Functions (1)
⚡️   - middleware
⚡️ 
⚡️ Edge Function Routes (35)
⚡️   ┌ /
⚡️   ├ /[slug]
⚡️   ├ /about-us
⚡️   ├ /api/contact
⚡️   ├ /api/debug-cms-connection
⚡️   ├ /api/gift-article
⚡️   ├ /api/payload/auto-assign-images
⚡️   ├ /api/payload/find-articles-without-images
⚡️   ├ /api/payload/list-media
⚡️   ├ /api/payload/update-featured-image
⚡️   ├ /api/redeem-gift
⚡️   ├ /api/revenuecat/offerings
⚡️   ├ /api/test/article-slugs
⚡️   ├ /archive
⚡️   ├ /auth/callback
⚡️   ├ /author
⚡️   ├ /author/[slug]
⚡️   ├ /categories
⚡️   ├ /contact
⚡️   ├ /design-system
⚡️   ├ /env-check
⚡️   ├ /gift/[token]
⚡️   ├ /kullanim-kosullari
⚡️   ├ /kunye
⚡️   ├ /onboarding
⚡️   ├ /pricing
⚡️   ├ /profile
⚡️   ├ /profile-demo
⚡️   ├ /search
⚡️   ├ /sign-in
⚡️   ├ /single
⚡️   ├ /subscribe
⚡️   ├ /test-hikaye
⚡️   ├ /test-paywall
⚡️   └ /typography
⚡️ 
⚡️ Prerendered Routes (3)
⚡️   ┌ /_not-found
⚡️   ├ /_not-found.rsc
⚡️   └ /sitemap.xml
⚡️ 
⚡️ Other Static Assets (213)
⚡️   ┌ /_app.rsc.json
⚡️   ├ /_document.rsc.json
⚡️   ├ /_error.rsc.json
⚡️   ├ /404.html
⚡️   └ ... 209 more

⚡️ Build log saved to '.vercel/output/static/_worker.js/nop-build-log.json'
⚡️ Generated '.vercel/output/static/_worker.js/index.js'.
⚡️ Build completed in 61.10s
