
> scrolli-nextjs@1.0.0 start
> next start

   ▲ Next.js 15.5.12
   - Local:        http://localhost:3000
   - Network:      http://192.168.0.227:3000

 ✓ Starting...
 ⚠ Warning: Next.js inferred your workspace root, but it may not be correct.
 We detected multiple lockfiles and selected the directory of /Users/FAU1MU/package-lock.json as the root directory.
 To silence this warning, set `outputFileTracingRoot` in your Next.js config, or consider removing one of the lockfiles if it's not needed.
   See https://nextjs.org/docs/app/api-reference/config/next-config-js/output#caveats for more information.
 Detected additional lockfiles: 
   * /Users/FAU1MU/development/Vscode Projects/Scrolli/scrolli-website-project/package-lock.json

 ✓ Ready in 622ms
❌ Environment variable validation failed: Error: Missing required environment variables: PAYLOAD_API_URL, PAYLOAD_API_KEY, NEXT_PUBLIC_SUPABASE_URL, NEXT_PUBLIC_SUPABASE_ANON_KEY
Please check your .env.local file or deployment environment variables.
    at <unknown> (.next/server/app/_not-found/page.js:1:20944)
    at 615 (.next/server/app/_not-found/page.js:2:248)
    at c (.next/server/webpack-runtime.js:1:127)
[Middleware] Missing Supabase configuration - auth features disabled
❌ Environment variable validation failed: Error: Missing required environment variables: PAYLOAD_API_URL, PAYLOAD_API_KEY, NEXT_PUBLIC_SUPABASE_URL, NEXT_PUBLIC_SUPABASE_ANON_KEY
Please check your .env.local file or deployment environment variables.
    at f (.next/server/edge-chunks/7470.js:1:21539)
    at 81427 (.next/server/edge-chunks/7470.js:81:4778)
    at Function.c (.next/server/edge-runtime-webpack.js:1:127)
    at async aQ (.next/server/edge-chunks/1408.js:440:3226)
    at async a2 (.next/server/edge-chunks/1408.js:440:7497)
    at async b0 (.next/server/edge-chunks/1408.js:444:9802)
    at async b9 (.next/server/edge-chunks/1408.js:444:22300)
    at async b6 (.next/server/edge-chunks/1408.js:444:17163)
    at async C (.next/server/app/page.js:2:15175) {
  
}
❌ Payload CMS Configuration Missing: { hasUrl: false, hasKey: false, nodeEnv: 'production', urlLength: 0 }
❌ Payload CMS Configuration Missing: { hasUrl: false, hasKey: false, nodeEnv: 'production', urlLength: 0 }
❌ Payload CMS Configuration Missing: { hasUrl: false, hasKey: false, nodeEnv: 'production', urlLength: 0 }
Payload CMS not configured, returning empty array
❌ Payload CMS Configuration Missing: { hasUrl: false, hasKey: false, nodeEnv: 'production', urlLength: 0 }
Payload CMS not configured, returning empty array
❌ Payload CMS Configuration Missing: { hasUrl: false, hasKey: false, nodeEnv: 'production', urlLength: 0 }
Payload CMS not configured, returning empty array
❌ Payload CMS Configuration Missing: { hasUrl: false, hasKey: false, nodeEnv: 'production', urlLength: 0 }
❌ Payload CMS Configuration Missing: { hasUrl: false, hasKey: false, nodeEnv: 'production', urlLength: 0 }
Payload CMS not configured, returning empty array
❌ Payload CMS Configuration Missing: { hasUrl: false, hasKey: false, nodeEnv: 'production', urlLength: 0 }
❌ Missing Supabase environment variables
